2018-08-30 19:32:08.033  INFO 27240 --- [main] com.castor.ClongulinApplication          : Starting ClongulinApplication on DESKTOP-CJH63IU with PID 27240 (D:\Castor\duliday\clongulin\target\classes started by 72906 in D:\Castor\duliday\clongulin)
2018-08-30 19:32:08.059  INFO 27240 --- [main] com.castor.ClongulinApplication          : The following profiles are active: test
2018-08-30 19:32:08.124  INFO 27240 --- [main] ConfigServletWebServerApplicationContext : Refreshing org.springframework.boot.web.servlet.context.AnnotationConfigServletWebServerApplicationContext@1dde4cb2: startup date [Thu Aug 30 19:32:08 CST 2018]; root of context hierarchy
2018-08-30 19:32:09.485  INFO 27240 --- [main] .s.d.r.c.RepositoryConfigurationDelegate : Multiple Spring Data modules found, entering strict repository configuration mode!
2018-08-30 19:32:09.509 DEBUG 27240 --- [main] o.s.d.r.c.RepositoryComponentProvider    : Identified candidate component class: file [D:\Castor\duliday\clongulin\target\classes\com\castor\database\repositories\DemoRepository.class]
2018-08-30 19:32:09.569 DEBUG 27240 --- [main] .s.d.r.c.RepositoryConfigurationDelegate : Spring Data JPA - Registering repository: demoRepository - Interface: com.castor.database.repositories.DemoRepository - Factory: org.springframework.data.jpa.repository.support.JpaRepositoryFactoryBean
2018-08-30 19:32:09.585  INFO 27240 --- [main] .s.d.r.c.RepositoryConfigurationDelegate : Multiple Spring Data modules found, entering strict repository configuration mode!
2018-08-30 19:32:09.601 DEBUG 27240 --- [main] o.s.d.r.c.RepositoryComponentProvider    : Identified candidate component class: file [D:\Castor\duliday\clongulin\target\classes\com\castor\database\repositories\DemoRepository.class]
2018-08-30 19:32:09.603  INFO 27240 --- [main] .RepositoryConfigurationExtensionSupport : Spring Data Redis - Could not safely identify store assignment for repository candidate interface com.castor.database.repositories.DemoRepository.
2018-08-30 19:32:09.979  INFO 27240 --- [main] trationDelegate$BeanPostProcessorChecker : Bean 'org.springframework.transaction.annotation.ProxyTransactionManagementConfiguration' of type [org.springframework.transaction.annotation.ProxyTransactionManagementConfiguration$$EnhancerBySpringCGLIB$$e967f329] is not eligible for getting processed by all BeanPostProcessors (for example: not eligible for auto-proxying)
2018-08-30 19:32:10.468  INFO 27240 --- [main] o.s.b.w.embedded.tomcat.TomcatWebServer  : Tomcat initialized with port(s): 8080 (http)
2018-08-30 19:32:10.520  INFO 27240 --- [main] o.apache.catalina.core.StandardService   : Starting service [Tomcat]
2018-08-30 19:32:10.520  INFO 27240 --- [main] org.apache.catalina.core.StandardEngine  : Starting Servlet Engine: Apache Tomcat/8.5.32
2018-08-30 19:32:10.525  INFO 27240 --- [localhost-startStop-1] o.a.catalina.core.AprLifecycleListener   : The APR based Apache Tomcat Native library which allows optimal performance in production environments was not found on the java.library.path: [D:\Castor\Java\jdk1.8.0_144\bin;C:\WINDOWS\Sun\Java\bin;C:\WINDOWS\system32;C:\WINDOWS;D:\Program Files\Git\bin;D:\Castor\Java\jdk1.8.0_144\bin;D:\Castor\Java\jdk1.8.0_144\jre\bin;D:\Castor\Scala\bin;D:\Castor\Scala\jre\bin;C:\ProgramData\Oracle\Java\javapath;C:\Program Files (x86)\Intel\iCLS Client\;C:\Program Files\Intel\iCLS Client\;C:\Windows\system32;C:\Windows;C:\Windows\System32\Wbem;C:\Windows\System32\WindowsPowerShell\v1.0\;C:\Program Files (x86)\NVIDIA Corporation\PhysX\Common;C:\Program Files (x86)\Intel\Intel(R) Management Engine Components\DAL;C:\Program Files\Intel\Intel(R) Management Engine Components\DAL;C:\Program Files (x86)\Intel\Intel(R) Management Engine Components\IPT;C:\Program Files\Intel\Intel(R) Management Engine Components\IPT;C:\WINDOWS\system32;C:\WINDOWS;C:\WINDOWS\System32\Wbem;C:\WINDOWS\System32\WindowsPowerShell\v1.0\;D:\Castor\Sbt\bin;D:\Castor\apache-maven-3.5.2\bin;D:\Castor\gradle-3.4\bin;D:\Castor\typesafe-activator-1.3.12\activator-dist-1.3.12\bin;D:\Castor\zips\curl-7.46.0-win64\bin;D:\Castor\Program Files\database\bin;D:\Castor\Python\Python363\Scripts\;D:\Castor\Python\Python363\;C:\Users\72906\AppData\Local\Microsoft\WindowsApps;C:\Users\72906\AppData\Local\GitHubDesktop\bin;.]
2018-08-30 19:32:10.639  INFO 27240 --- [localhost-startStop-1] o.a.c.c.C.[Tomcat].[localhost].[/]       : Initializing Spring embedded WebApplicationContext
2018-08-30 19:32:10.639  INFO 27240 --- [localhost-startStop-1] o.s.web.context.ContextLoader            : Root WebApplicationContext: initialization completed in 2515 ms
2018-08-30 19:32:10.716  INFO 27240 --- [localhost-startStop-1] o.s.b.w.servlet.ServletRegistrationBean  : Servlet dispatcherServlet mapped to [/]
2018-08-30 19:32:10.727  INFO 27240 --- [localhost-startStop-1] o.s.b.w.servlet.FilterRegistrationBean   : Mapping filter: 'characterEncodingFilter' to: [/*]
2018-08-30 19:32:10.728  INFO 27240 --- [localhost-startStop-1] o.s.b.w.servlet.FilterRegistrationBean   : Mapping filter: 'hiddenHttpMethodFilter' to: [/*]
2018-08-30 19:32:10.729  INFO 27240 --- [localhost-startStop-1] o.s.b.w.servlet.FilterRegistrationBean   : Mapping filter: 'httpPutFormContentFilter' to: [/*]
2018-08-30 19:32:10.729  INFO 27240 --- [localhost-startStop-1] o.s.b.w.servlet.FilterRegistrationBean   : Mapping filter: 'requestContextFilter' to: [/*]
2018-08-30 19:32:10.954  INFO 27240 --- [main] com.zaxxer.hikari.HikariDataSource       : HikariPool-1 - Starting...
2018-08-30 19:32:11.378  INFO 27240 --- [main] com.zaxxer.hikari.HikariDataSource       : HikariPool-1 - Start completed.
2018-08-30 19:32:11.483  INFO 27240 --- [main] j.LocalContainerEntityManagerFactoryBean : Building JPA container EntityManagerFactory for persistence unit 'default'
2018-08-30 19:32:11.780  INFO 27240 --- [main] j.LocalContainerEntityManagerFactoryBean : Initialized JPA EntityManagerFactory for persistence unit 'default'
2018-08-30 19:32:12.843 DEBUG 27240 --- [main] o.s.d.j.r.query.JpaQueryFactory          : Looking up query for method findAllByName
2018-08-30 19:32:12.846 DEBUG 27240 --- [main] o.s.d.jpa.repository.query.NamedQuery    : Looking up named query Demo.findAllByName
2018-08-30 19:32:12.849 DEBUG 27240 --- [main] o.s.d.jpa.repository.query.NamedQuery    : Did not find named query Demo.findAllByName
2018-08-30 19:32:13.073  WARN 27240 --- [main] aWebConfiguration$JpaWebMvcConfiguration : spring.jpa.open-in-view is enabled by default. Therefore, database queries may be performed during view rendering. Explicitly configure spring.jpa.open-in-view to disable this warning
2018-08-30 19:32:13.150  INFO 27240 --- [main] o.s.w.s.handler.SimpleUrlHandlerMapping  : Mapped URL path [/**/favicon.ico] onto handler of type [class org.springframework.web.servlet.resource.ResourceHttpRequestHandler]
2018-08-30 19:32:13.382  INFO 27240 --- [main] s.w.s.m.m.a.RequestMappingHandlerAdapter : Looking for @ControllerAdvice: org.springframework.boot.web.servlet.context.AnnotationConfigServletWebServerApplicationContext@1dde4cb2: startup date [Thu Aug 30 19:32:08 CST 2018]; root of context hierarchy
2018-08-30 19:32:13.430  INFO 27240 --- [main] s.w.s.m.m.a.RequestMappingHandlerMapping : Mapped "{[/demo/hello],methods=[GET]}" onto public java.lang.Object com.castor.controller.DemoController.demo()
2018-08-30 19:32:13.435  INFO 27240 --- [main] s.w.s.m.m.a.RequestMappingHandlerMapping : Mapped "{[/error]}" onto public org.springframework.http.ResponseEntity<java.util.Map<java.lang.String, java.lang.Object>> org.springframework.boot.autoconfigure.web.servlet.error.BasicErrorController.error(javax.servlet.http.HttpServletRequest)
2018-08-30 19:32:13.436  INFO 27240 --- [main] s.w.s.m.m.a.RequestMappingHandlerMapping : Mapped "{[/error],produces=[text/html]}" onto public org.springframework.web.servlet.ModelAndView org.springframework.boot.autoconfigure.web.servlet.error.BasicErrorController.errorHtml(javax.servlet.http.HttpServletRequest,javax.servlet.http.HttpServletResponse)
2018-08-30 19:32:13.459  INFO 27240 --- [main] o.s.w.s.handler.SimpleUrlHandlerMapping  : Mapped URL path [/webjars/**] onto handler of type [class org.springframework.web.servlet.resource.ResourceHttpRequestHandler]
2018-08-30 19:32:13.459  INFO 27240 --- [main] o.s.w.s.handler.SimpleUrlHandlerMapping  : Mapped URL path [/**] onto handler of type [class org.springframework.web.servlet.resource.ResourceHttpRequestHandler]
2018-08-30 19:32:13.643 DEBUG 27240 --- [main] o.s.d.r.l.RedisMessageListenerContainer  : Postpone listening for Redis messages until actual listeners are added
2018-08-30 19:32:13.643 DEBUG 27240 --- [main] o.s.d.r.l.RedisMessageListenerContainer  : Started RedisMessageListenerContainer
2018-08-30 19:32:13.757  INFO 27240 --- [main] o.s.j.e.a.AnnotationMBeanExporter        : Registering beans for JMX exposure on startup
2018-08-30 19:32:13.758  INFO 27240 --- [main] o.s.j.e.a.AnnotationMBeanExporter        : Bean with name 'dataSource' has been autodetected for JMX exposure
2018-08-30 19:32:13.762  INFO 27240 --- [main] o.s.j.e.a.AnnotationMBeanExporter        : Located MBean 'dataSource': registering with JMX server as MBean [com.zaxxer.hikari:name=dataSource,type=HikariDataSource]
2018-08-30 19:32:13.813  INFO 27240 --- [main] o.s.b.w.embedded.tomcat.TomcatWebServer  : Tomcat started on port(s): 8080 (http) with context path ''
2018-08-30 19:32:13.816  INFO 27240 --- [main] com.castor.ClongulinApplication          : Started ClongulinApplication in 7.387 seconds (JVM running for 9.715)
2018-08-30 19:33:09.584  INFO 27240 --- [http-nio-8080-exec-3] o.a.c.c.C.[Tomcat].[localhost].[/]       : Initializing Spring FrameworkServlet 'dispatcherServlet'
2018-08-30 19:33:09.584  INFO 27240 --- [http-nio-8080-exec-3] o.s.web.servlet.DispatcherServlet        : FrameworkServlet 'dispatcherServlet': initialization started
2018-08-30 19:33:09.609  INFO 27240 --- [http-nio-8080-exec-3] o.s.web.servlet.DispatcherServlet        : FrameworkServlet 'dispatcherServlet': initialization completed in 25 ms
2018-08-30 19:33:09.628  INFO 27240 --- [http-nio-8080-exec-3] com.castor.controller.DemoController     : KO, nishuone
2018-08-30 19:33:09.675 DEBUG 27240 --- [http-nio-8080-exec-3] o.s.d.redis.core.RedisConnectionUtils    : Opening RedisConnection
2018-08-30 19:33:09.780  INFO 27240 --- [http-nio-8080-exec-3] io.lettuce.core.EpollProvider            : Starting without optional epoll library
2018-08-30 19:33:09.781  INFO 27240 --- [http-nio-8080-exec-3] io.lettuce.core.KqueueProvider           : Starting without optional kqueue library
2018-08-30 19:33:10.291 DEBUG 27240 --- [http-nio-8080-exec-3] o.s.d.redis.core.RedisConnectionUtils    : Closing Redis Connection
2018-08-30 19:33:10.327 DEBUG 27240 --- [http-nio-8080-exec-3] o.s.d.redis.core.RedisConnectionUtils    : Opening RedisConnection
2018-08-30 19:33:10.338 DEBUG 27240 --- [http-nio-8080-exec-3] o.s.d.redis.core.RedisConnectionUtils    : Closing Redis Connection
